<?xml version="1.0" encoding="UTF-8"?>
<testsuite name="com.truevault.core.model.PasswordStrengthTest" tests="12" skipped="0" failures="0" errors="0" timestamp="2026-08-06T06:11:22.126Z" hostname="MacBook-Pro.local" time="0.219">
  <properties/>
  <testcase name="strength rises monotonically as a passphrase grows" classname="com.truevault.core.model.PasswordStrengthTest" time="0.196"/>
  <testcase name="a repeated character run scores weak and says why" classname="com.truevault.core.model.PasswordStrengthTest" time="0.01"/>
  <testcase name="anything shorter than eight characters fails the minimum" classname="com.truevault.core.model.PasswordStrengthTest" time="0.0"/>
  <testcase name="a top-of-the-list password is called out" classname="com.truevault.core.model.PasswordStrengthTest" time="0.0"/>
  <testcase name="spaces are treated as valid password characters" classname="com.truevault.core.model.PasswordStrengthTest" time="0.001"/>
  <testcase name="exactly eight characters meets the minimum" classname="com.truevault.core.model.PasswordStrengthTest" time="0.001"/>
  <testcase name="the common-password check ignores case" classname="com.truevault.core.model.PasswordStrengthTest" time="0.0"/>
  <testcase name="a four word passphrase beats a short scramble" classname="com.truevault.core.model.PasswordStrengthTest" time="0.003"/>
  <testcase name="assessment is deterministic" classname="com.truevault.core.model.PasswordStrengthTest" time="0.001"/>
  <testcase name="non-ASCII passwords are accepted and scored, never rejected" classname="com.truevault.core.model.PasswordStrengthTest" time="0.003"/>
  <testcase name="a long passphrase is not told to add symbols" classname="com.truevault.core.model.PasswordStrengthTest" time="0.001"/>
  <testcase name="a short single-case password is nudged toward mixing character types" classname="com.truevault.core.model.PasswordStrengthTest" time="0.0"/>
  <system-out><![CDATA[]]></system-out>
  <system-err><![CDATA[]]></system-err>
</testsuite>
