<?xml version="1.0" encoding="UTF-8"?>
<testsuite name="com.truevault.core.crypto.kdf.PasswordKeyDerivationTest" tests="9" skipped="0" failures="0" errors="0" timestamp="2026-08-06T06:12:09.693Z" hostname="MacBook-Pro.local" time="0.76">
  <properties/>
  <testcase name="a one character difference derives a completely different key" classname="com.truevault.core.crypto.kdf.PasswordKeyDerivationTest" time="0.708"/>
  <testcase name="unicode and emoji passwords are accepted, not silently mangled" classname="com.truevault.core.crypto.kdf.PasswordKeyDerivationTest" time="0.011"/>
  <testcase name="current parameters are memory hard and versioned" classname="com.truevault.core.crypto.kdf.PasswordKeyDerivationTest" time="0.001"/>
  <testcase name="a salt shorter than the required length is rejected" classname="com.truevault.core.crypto.kdf.PasswordKeyDerivationTest" time="0.012"/>
  <testcase name="a different salt derives a different key from the same password" classname="com.truevault.core.crypto.kdf.PasswordKeyDerivationTest" time="0.01"/>
  <testcase name="derived keys are the full AES-256 length" classname="com.truevault.core.crypto.kdf.PasswordKeyDerivationTest" time="0.005"/>
  <testcase name="the same password and salt always derive the same key" classname="com.truevault.core.crypto.kdf.PasswordKeyDerivationTest" time="0.011"/>
  <testcase name="an unknown parameter version is reported rather than guessed" classname="com.truevault.core.crypto.kdf.PasswordKeyDerivationTest" time="0.0"/>
  <testcase name="wiping a password buffer leaves no characters behind" classname="com.truevault.core.crypto.kdf.PasswordKeyDerivationTest" time="0.002"/>
  <system-out><![CDATA[]]></system-out>
  <system-err><![CDATA[]]></system-err>
</testsuite>
